<?xml version="1.0" encoding="UTF-8"?>
<testsuite xmlns:xsi="http://www.w3.org/2001/XMLSchema-instance" xsi:noNamespaceSchemaLocation="https://maven.apache.org/surefire/maven-surefire-plugin/xsd/surefire-test-report-3.0.xsd" version="3.0" name="parallel.RunCucumberTest" time="0.228" tests="4" errors="0" skipped="0" failures="0">
  <properties>
[...]
</properties>
  <testcase name="Example #1.1" classname="Examples" time="0.085">
    <system-out><![CDATA[
Scenario Outline: Scenario Outline Row 1                                       &amp#27;[90m# parallel/scenario-outlines.feature:8&amp#27;[0m
Thread ID -  1 - Scenario Outline Row 1 from scenario-outlines feature file.
  &amp#27;[32mGiven &amp#27;[0m&amp#27;[32mStep from &amp#27;[0m&amp#27;[32m&amp#27;[1m'Scenario Outline Row 1'&amp#27;[0m&amp#27;[32m in &amp#27;[0m&amp#27;[32m&amp#27;[1m'scenario-outlines'&amp#27;[0m&amp#27;[32m feature file&amp#27;[0m &amp#27;[90m# parallel.StepDefs.step(java.lang.String,java.lang.String)&amp#27;[0m
]]></system-out>
  </testcase>
  <testcase name="Example #1.2" classname="Examples" time="0.003">
    <system-out><![CDATA[
Scenario Outline: Scenario Outline Row 2                                       &amp#27;[90m# parallel/scenario-outlines.feature:9&amp#27;[0m
Thread ID -  1 - Scenario Outline Row 2 from scenario-outlines feature file.
  &amp#27;[32mGiven &amp#27;[0m&amp#27;[32mStep from &amp#27;[0m&amp#27;[32m&amp#27;[1m'Scenario Outline Row 2'&amp#27;[0m&amp#27;[32m in &amp#27;[0m&amp#27;[32m&amp#27;[1m'scenario-outlines'&amp#27;[0m&amp#27;[32m feature file&amp#27;[0m &amp#27;[90m# parallel.StepDefs.step(java.lang.String,java.lang.String)&amp#27;[0m
]]></system-out>
  </testcase>
  <testcase name="Scenario Number One" classname="Scenarios feature file" time="0.004">
    <system-out><![CDATA[
Scenario: Scenario Number One                              &amp#27;[90m# parallel/scenario.feature:3&amp#27;[0m
Thread ID -  1 - Scenario 1 from scenarios feature file.
  &amp#27;[32mGiven &amp#27;[0m&amp#27;[32mStep from &amp#27;[0m&amp#27;[32m&amp#27;[1m'Scenario 1'&amp#27;[0m&amp#27;[32m in &amp#27;[0m&amp#27;[32m&amp#27;[1m'scenarios'&amp#27;[0m&amp#27;[32m feature file&amp#27;[0m &amp#27;[90m# parallel.StepDefs.step(java.lang.String,java.lang.String)&amp#27;[0m
]]></system-out>
  </testcase>
  <testcase name="Scenario Number Two" classname="Scenarios feature file" time="0.004">
    <system-out><![CDATA[
Scenario: Scenario Number Two                              &amp#27;[90m# parallel/scenario.feature:6&amp#27;[0m
Thread ID -  1 - Scenario 2 from scenarios feature file.
  &amp#27;[32mGiven &amp#27;[0m&amp#27;[32mStep from &amp#27;[0m&amp#27;[32m&amp#27;[1m'Scenario 2'&amp#27;[0m&amp#27;[32m in &amp#27;[0m&amp#27;[32m&amp#27;[1m'scenarios'&amp#27;[0m&amp#27;[32m feature file&amp#27;[0m &amp#27;[90m# parallel.StepDefs.step(java.lang.String,java.lang.String)&amp#27;[0m
]]></system-out>
  </testcase>
</testsuite>